build/app/intermediates/manifest_merge_blame_file/debug/manifest-merger-blame-debug-report.txt
1<?xml version="1.0" encoding="utf-8"?>
2<manifest xmlns:android="http://schemas.android.com/apk/res/android"
3    package="com.example.datingapp"
4    android:versionCode="1"
5    android:versionName="1.0.0" >
6
7    <uses-sdk
8        android:minSdkVersion="21"
9        android:targetSdkVersion="30" />
10    <!--
11         Flutter needs it to communicate with the running application
12         to allow setting breakpoints, to provide hot reload, etc.
13    -->
14    <uses-permission android:name="android.permission.INTERNET" />
14-->src/debug/AndroidManifest.xml:6:5-66
14-->src/debug/AndroidManifest.xml:6:22-64
15    <uses-permission android:name="android.permission.WRITE_EXTERNAL_STORAGE" />
15-->src/main/AndroidManifest.xml:3:5-80
15-->src/main/AndroidManifest.xml:3:22-78
16    <uses-permission android:name="android.permission.ACCESS_NETWORK_STATE" />
16-->[com.google.firebase:firebase-auth:21.1.0] AndroidManifest.xml:24:5-79
16-->[com.google.firebase:firebase-auth:21.1.0] AndroidManifest.xml:24:22-76
17
18    <application
18-->src/main/AndroidManifest.xml:4:4-41:19
19        android:appComponentFactory="androidx.core.app.CoreComponentFactory"
19-->[androidx.core:core:1.7.0] AndroidManifest.xml:24:18-86
20        android:debuggable="true"
21        android:icon="@mipmap/ic_launcher"
21-->src/main/AndroidManifest.xml:6:9-43
22        android:label="datingapp" >
22-->src/main/AndroidManifest.xml:5:9-34
23        <activity
23-->src/main/AndroidManifest.xml:7:9-35:20
24            android:name="com.example.datingapp.MainActivity"
24-->src/main/AndroidManifest.xml:8:13-41
25            android:configChanges="orientation|keyboardHidden|keyboard|screenSize|smallestScreenSize|locale|layoutDirection|fontScale|screenLayout|density|uiMode"
25-->src/main/AndroidManifest.xml:11:13-163
26            android:hardwareAccelerated="true"
26-->src/main/AndroidManifest.xml:12:13-47
27            android:launchMode="singleTop"
27-->src/main/AndroidManifest.xml:9:13-43
28            android:theme="@style/LaunchTheme"
28-->src/main/AndroidManifest.xml:10:13-47
29            android:windowSoftInputMode="adjustResize" >
29-->src/main/AndroidManifest.xml:13:13-55
30
31            <!--
32                 Specifies an Android theme to apply to this Activity as soon as
33                 the Android process has started. This theme is visible to the user
34                 while the Flutter UI initializes. After that, this theme continues
35                 to determine the Window background behind the Flutter UI.
36            -->
37            <meta-data
37-->src/main/AndroidManifest.xml:18:13-21:17
38                android:name="io.flutter.embedding.android.NormalTheme"
38-->src/main/AndroidManifest.xml:19:15-70
39                android:resource="@style/NormalTheme" />
39-->src/main/AndroidManifest.xml:20:15-52
40            <!--
41                 Displays an Android View that continues showing the launch screen
42                 Drawable until Flutter paints its first frame, then this splash
43                 screen fades out. A splash screen is useful to avoid any visual
44                 gap between the end of Android's launch screen and the painting of
45                 Flutter's first frame.
46            -->
47            <meta-data
47-->src/main/AndroidManifest.xml:27:13-30:17
48                android:name="io.flutter.embedding.android.SplashScreenDrawable"
48-->src/main/AndroidManifest.xml:28:15-79
49                android:resource="@drawable/launch_background" />
49-->src/main/AndroidManifest.xml:29:15-61
50
51            <intent-filter>
51-->src/main/AndroidManifest.xml:31:13-34:29
52                <action android:name="android.intent.action.MAIN" />
52-->src/main/AndroidManifest.xml:32:17-68
52-->src/main/AndroidManifest.xml:32:25-66
53
54                <category android:name="android.intent.category.LAUNCHER" />
54-->src/main/AndroidManifest.xml:33:17-76
54-->src/main/AndroidManifest.xml:33:27-74
55            </intent-filter>
56        </activity>
57        <!--
58             Don't delete the meta-data below.
59             This is used by the Flutter tool to generate GeneratedPluginRegistrant.java
60        -->
61        <meta-data
61-->src/main/AndroidManifest.xml:38:9-40:33
62            android:name="flutterEmbedding"
62-->src/main/AndroidManifest.xml:39:13-44
63            android:value="2" />
63-->src/main/AndroidManifest.xml:40:13-30
64
65        <service
65-->[:firebase_auth] AndroidManifest.xml:8:9-12:19
66            android:name="com.google.firebase.components.ComponentDiscoveryService"
66-->[:firebase_auth] AndroidManifest.xml:8:18-89
67            android:directBootAware="true"
67-->[com.google.firebase:firebase-common:20.2.0] AndroidManifest.xml:34:13-43
68            android:exported="false" >
68-->[com.google.firebase:firebase-auth:21.1.0] AndroidManifest.xml:66:13-37
69            <meta-data
69-->[:firebase_auth] AndroidManifest.xml:9:13-11:85
70                android:name="com.google.firebase.components:io.flutter.plugins.firebase.auth.FlutterFirebaseAuthRegistrar"
70-->[:firebase_auth] AndroidManifest.xml:10:17-124
71                android:value="com.google.firebase.components.ComponentRegistrar" />
71-->[:firebase_auth] AndroidManifest.xml:11:17-82
72            <meta-data
72-->[:firebase_core] AndroidManifest.xml:9:13-11:85
73                android:name="com.google.firebase.components:io.flutter.plugins.firebase.core.FlutterFirebaseCoreRegistrar"
73-->[:firebase_core] AndroidManifest.xml:10:17-124
74                android:value="com.google.firebase.components.ComponentRegistrar" />
74-->[:firebase_core] AndroidManifest.xml:11:17-82
75            <meta-data
75-->[com.google.firebase:firebase-auth:21.1.0] AndroidManifest.xml:67:13-69:85
76                android:name="com.google.firebase.components:com.google.firebase.auth.FirebaseAuthRegistrar"
76-->[com.google.firebase:firebase-auth:21.1.0] AndroidManifest.xml:68:17-109
77                android:value="com.google.firebase.components.ComponentRegistrar" />
77-->[com.google.firebase:firebase-auth:21.1.0] AndroidManifest.xml:69:17-82
78        </service>
79
80        <activity
80-->[com.google.firebase:firebase-auth:21.1.0] AndroidManifest.xml:27:9-44:20
81            android:name="com.google.firebase.auth.internal.GenericIdpActivity"
81-->[com.google.firebase:firebase-auth:21.1.0] AndroidManifest.xml:28:13-80
82            android:excludeFromRecents="true"
82-->[com.google.firebase:firebase-auth:21.1.0] AndroidManifest.xml:29:13-46
83            android:exported="true"
83-->[com.google.firebase:firebase-auth:21.1.0] AndroidManifest.xml:30:13-36
84            android:launchMode="singleTask"
84-->[com.google.firebase:firebase-auth:21.1.0] AndroidManifest.xml:31:13-44
85            android:theme="@android:style/Theme.Translucent.NoTitleBar" >
85-->[com.google.firebase:firebase-auth:21.1.0] AndroidManifest.xml:32:13-72
86            <intent-filter>
86-->[com.google.firebase:firebase-auth:21.1.0] AndroidManifest.xml:33:13-43:29
87                <action android:name="android.intent.action.VIEW" />
87-->[com.google.firebase:firebase-auth:21.1.0] AndroidManifest.xml:34:17-69
87-->[com.google.firebase:firebase-auth:21.1.0] AndroidManifest.xml:34:25-66
88
89                <category android:name="android.intent.category.DEFAULT" />
89-->[com.google.firebase:firebase-auth:21.1.0] AndroidManifest.xml:36:17-76
89-->[com.google.firebase:firebase-auth:21.1.0] AndroidManifest.xml:36:27-73
90                <category android:name="android.intent.category.BROWSABLE" />
90-->[com.google.firebase:firebase-auth:21.1.0] AndroidManifest.xml:37:17-78
90-->[com.google.firebase:firebase-auth:21.1.0] AndroidManifest.xml:37:27-75
91
92                <data
92-->[com.google.firebase:firebase-auth:21.1.0] AndroidManifest.xml:39:17-42:51
93                    android:host="firebase.auth"
93-->[com.google.firebase:firebase-auth:21.1.0] AndroidManifest.xml:40:21-49
94                    android:path="/"
94-->[com.google.firebase:firebase-auth:21.1.0] AndroidManifest.xml:41:21-37
95                    android:scheme="genericidp" />
95-->[com.google.firebase:firebase-auth:21.1.0] AndroidManifest.xml:42:21-48
96            </intent-filter>
97        </activity>
98        <activity
98-->[com.google.firebase:firebase-auth:21.1.0] AndroidManifest.xml:45:9-62:20
99            android:name="com.google.firebase.auth.internal.RecaptchaActivity"
99-->[com.google.firebase:firebase-auth:21.1.0] AndroidManifest.xml:46:13-79
100            android:excludeFromRecents="true"
100-->[com.google.firebase:firebase-auth:21.1.0] AndroidManifest.xml:47:13-46
101            android:exported="true"
101-->[com.google.firebase:firebase-auth:21.1.0] AndroidManifest.xml:48:13-36
102            android:launchMode="singleTask"
102-->[com.google.firebase:firebase-auth:21.1.0] AndroidManifest.xml:49:13-44
103            android:theme="@android:style/Theme.Translucent.NoTitleBar" >
103-->[com.google.firebase:firebase-auth:21.1.0] AndroidManifest.xml:50:13-72
104            <intent-filter>
104-->[com.google.firebase:firebase-auth:21.1.0] AndroidManifest.xml:51:13-61:29
105                <action android:name="android.intent.action.VIEW" />
105-->[com.google.firebase:firebase-auth:21.1.0] AndroidManifest.xml:34:17-69
105-->[com.google.firebase:firebase-auth:21.1.0] AndroidManifest.xml:34:25-66
106
107                <category android:name="android.intent.category.DEFAULT" />
107-->[com.google.firebase:firebase-auth:21.1.0] AndroidManifest.xml:36:17-76
107-->[com.google.firebase:firebase-auth:21.1.0] AndroidManifest.xml:36:27-73
108                <category android:name="android.intent.category.BROWSABLE" />
108-->[com.google.firebase:firebase-auth:21.1.0] AndroidManifest.xml:37:17-78
108-->[com.google.firebase:firebase-auth:21.1.0] AndroidManifest.xml:37:27-75
109
110                <data
110-->[com.google.firebase:firebase-auth:21.1.0] AndroidManifest.xml:39:17-42:51
111                    android:host="firebase.auth"
111-->[com.google.firebase:firebase-auth:21.1.0] AndroidManifest.xml:40:21-49
112                    android:path="/"
112-->[com.google.firebase:firebase-auth:21.1.0] AndroidManifest.xml:41:21-37
113                    android:scheme="recaptcha" />
113-->[com.google.firebase:firebase-auth:21.1.0] AndroidManifest.xml:42:21-48
114            </intent-filter>
115        </activity>
116
117        <provider
117-->[com.google.firebase:firebase-common:20.2.0] AndroidManifest.xml:25:9-30:39
118            android:name="com.google.firebase.provider.FirebaseInitProvider"
118-->[com.google.firebase:firebase-common:20.2.0] AndroidManifest.xml:26:13-77
119            android:authorities="com.example.datingapp.firebaseinitprovider"
119-->[com.google.firebase:firebase-common:20.2.0] AndroidManifest.xml:27:13-72
120            android:directBootAware="true"
120-->[com.google.firebase:firebase-common:20.2.0] AndroidManifest.xml:28:13-43
121            android:exported="false"
121-->[com.google.firebase:firebase-common:20.2.0] AndroidManifest.xml:29:13-37
122            android:initOrder="100" />
122-->[com.google.firebase:firebase-common:20.2.0] AndroidManifest.xml:30:13-36
123        <provider
123-->[com.sangcomz:FishBun:0.11.2] AndroidManifest.xml:12:9-20:20
124            android:name="com.sangcomz.fishbun.FishBunFileProvider"
124-->[com.sangcomz:FishBun:0.11.2] AndroidManifest.xml:13:13-68
125            android:authorities="com.example.datingapp.fishbunfileprovider"
125-->[com.sangcomz:FishBun:0.11.2] AndroidManifest.xml:14:13-71
126            android:exported="false"
126-->[com.sangcomz:FishBun:0.11.2] AndroidManifest.xml:15:13-37
127            android:grantUriPermissions="true" >
127-->[com.sangcomz:FishBun:0.11.2] AndroidManifest.xml:16:13-47
128            <meta-data
128-->[com.sangcomz:FishBun:0.11.2] AndroidManifest.xml:17:13-19:58
129                android:name="android.support.FILE_PROVIDER_PATHS"
129-->[com.sangcomz:FishBun:0.11.2] AndroidManifest.xml:18:17-67
130                android:resource="@xml/provider_paths" />
130-->[com.sangcomz:FishBun:0.11.2] AndroidManifest.xml:19:17-55
131        </provider>
132
133        <activity
133-->[com.sangcomz:FishBun:0.11.2] AndroidManifest.xml:22:9-25:51
134            android:name="com.sangcomz.fishbun.ui.album.AlbumActivity"
134-->[com.sangcomz:FishBun:0.11.2] AndroidManifest.xml:23:13-71
135            android:label="@string/album"
135-->[com.sangcomz:FishBun:0.11.2] AndroidManifest.xml:24:13-42
136            android:theme="@style/FishBunTheme" />
136-->[com.sangcomz:FishBun:0.11.2] AndroidManifest.xml:25:13-48
137        <activity
137-->[com.sangcomz:FishBun:0.11.2] AndroidManifest.xml:26:9-28:51
138            android:name="com.sangcomz.fishbun.ui.picker.PickerActivity"
138-->[com.sangcomz:FishBun:0.11.2] AndroidManifest.xml:27:13-73
139            android:theme="@style/FishBunTheme" />
139-->[com.sangcomz:FishBun:0.11.2] AndroidManifest.xml:28:13-48
140        <activity
140-->[com.sangcomz:FishBun:0.11.2] AndroidManifest.xml:29:9-31:54
141            android:name="com.sangcomz.fishbun.ui.detail.DetailActivity"
141-->[com.sangcomz:FishBun:0.11.2] AndroidManifest.xml:30:13-73
142            android:theme="@style/DetailViewTheme" />
142-->[com.sangcomz:FishBun:0.11.2] AndroidManifest.xml:31:13-51
143        <activity
143-->[com.google.android.gms:play-services-base:17.1.0] AndroidManifest.xml:23:9-26:75
144            android:name="com.google.android.gms.common.api.GoogleApiActivity"
144-->[com.google.android.gms:play-services-base:17.1.0] AndroidManifest.xml:24:13-79
145            android:exported="false"
145-->[com.google.android.gms:play-services-base:17.1.0] AndroidManifest.xml:25:13-37
146            android:theme="@android:style/Theme.Translucent.NoTitleBar" />
146-->[com.google.android.gms:play-services-base:17.1.0] AndroidManifest.xml:26:13-72
147
148        <meta-data
148-->[com.google.android.gms:play-services-basement:18.1.0] AndroidManifest.xml:21:9-23:69
149            android:name="com.google.android.gms.version"
149-->[com.google.android.gms:play-services-basement:18.1.0] AndroidManifest.xml:22:13-58
150            android:value="@integer/google_play_services_version" />
150-->[com.google.android.gms:play-services-basement:18.1.0] AndroidManifest.xml:23:13-66
151
152        <uses-library
152-->[androidx.window:window:1.0.0-beta04] AndroidManifest.xml:25:9-27:40
153            android:name="androidx.window.extensions"
153-->[androidx.window:window:1.0.0-beta04] AndroidManifest.xml:26:13-54
154            android:required="false" />
154-->[androidx.window:window:1.0.0-beta04] AndroidManifest.xml:27:13-37
155        <uses-library
155-->[androidx.window:window:1.0.0-beta04] AndroidManifest.xml:28:9-30:40
156            android:name="androidx.window.sidecar"
156-->[androidx.window:window:1.0.0-beta04] AndroidManifest.xml:29:13-51
157            android:required="false" />
157-->[androidx.window:window:1.0.0-beta04] AndroidManifest.xml:30:13-37
158    </application>
159
160</manifest>